# JRE version: OpenJDK Runtime Environment Temurin-21.0.8+9 (21.0.8+9) (build 21.0.8+9-LTS)
# Java VM: OpenJDK 64-Bit Server VM Temurin-21.0.8+9 (21.0.8+9-LTS, mixed mode, sharing, tiered, compressed oops, compressed class ptrs, parallel gc, windows-amd64)
GC Precious Log:
 CardTable entry size: 512
 CPUs: 8 total, 8 available
 Memory: 8078M
 Large Page Support: Disabled
 NUMA Support: Disabled
 Compressed Oops: Enabled (32-bit)
 Alignments: Space 512K, Generation 512K, Heap 2M
 Heap Min Capacity: 100M
 Heap Initial Capacity: 100M
 Heap Max Capacity: 2G
 Pre-touch: Disabled
 Parallel Workers: 8
Heap:
 PSYoungGen      total 18944K, used 16404K [0x00000000d5580000, 0x00000000d6900000, 0x0000000100000000)
  eden space 17920K, 89% used [0x00000000d5580000,0x00000000d6513f38,0x00000000d6700000)
  from space 1024K, 44% used [0x00000000d6700000,0x00000000d67711f8,0x00000000d6800000)
  to   space 512K, 0% used [0x00000000d6880000,0x00000000d6880000,0x00000000d6900000)
 ParOldGen       total 68608K, used 62689K [0x0000000080000000, 0x0000000084300000, 0x00000000d5580000)
  object space 68608K, 91% used [0x0000000080000000,0x0000000083d384e8,0x0000000084300000)
 Metaspace       used 53221K, committed 54592K, reserved 1114112K
  class space    used 5708K, committed 6272K, reserved 1048576K
GC Heap History (20 events):
Event: 15.112 GC heap before
{Heap before GC invocations=42 (full 2):
 PSYoungGen      total 19968K, used 19395K [0x00000000d5580000, 0x00000000d6a80000, 0x0000000100000000)
  eden space 18944K, 100% used [0x00000000d5580000,0x00000000d6800000,0x00000000d6800000)
  from space 1024K, 44% used [0x00000000d6800000,0x00000000d6870df8,0x00000000d6900000)
  to   space 1024K, 0% used [0x00000000d6980000,0x00000000d6980000,0x00000000d6a80000)
 ParOldGen       total 68608K, used 59644K [0x0000000080000000, 0x0000000084300000, 0x00000000d5580000)
  object space 68608K, 86% used [0x0000000080000000,0x0000000083a3f1d0,0x0000000084300000)
 Metaspace       used 52138K, committed 53504K, reserved 1114112K
  class space    used 5605K, committed 6208K, reserved 1048576K
}
Event: 15.113 GC heap after
{Heap after GC invocations=42 (full 2):
 PSYoungGen      total 19968K, used 548K [0x00000000d5580000, 0x00000000d6a80000, 0x0000000100000000)
  eden space 18944K, 0% used [0x00000000d5580000,0x00000000d5580000,0x00000000d6800000)
  from space 1024K, 53% used [0x00000000d6980000,0x00000000d6a090c0,0x00000000d6a80000)
  to   space 1024K, 0% used [0x00000000d6800000,0x00000000d6800000,0x00000000d6900000)
 ParOldGen       total 68608K, used 59716K [0x0000000080000000, 0x0000000084300000, 0x00000000d5580000)
  object space 68608K, 87% used [0x0000000080000000,0x0000000083a511d0,0x0000000084300000)
 Metaspace       used 52138K, committed 53504K, reserved 1114112K
  class space    used 5605K, committed 6208K, reserved 1048576K
}
Event: 15.231 GC heap before
{Heap before GC invocations=43 (full 2):
 PSYoungGen      total 19968K, used 19492K [0x00000000d5580000, 0x00000000d6a80000, 0x0000000100000000)
  eden space 18944K, 100% used [0x00000000d5580000,0x00000000d6800000,0x00000000d6800000)
  from space 1024K, 53% used [0x00000000d6980000,0x00000000d6a090c0,0x00000000d6a80000)
  to   space 1024K, 0% used [0x00000000d6800000,0x00000000d6800000,0x00000000d6900000)
 ParOldGen       total 68608K, used 59716K [0x0000000080000000, 0x0000000084300000, 0x00000000d5580000)
  object space 68608K, 87% used [0x0000000080000000,0x0000000083a511d0,0x0000000084300000)
 Metaspace       used 52168K, committed 53504K, reserved 1114112K
  class space    used 5609K, committed 6208K, reserved 1048576K
}
Event: 15.233 GC heap after
{Heap after GC invocations=43 (full 2):
 PSYoungGen      total 19968K, used 432K [0x00000000d5580000, 0x00000000d6a00000, 0x0000000100000000)
  eden space 18944K, 0% used [0x00000000d5580000,0x00000000d5580000,0x00000000d6800000)
  from space 1024K, 42% used [0x00000000d6800000,0x00000000d686c2d8,0x00000000d6900000)
  to   space 512K, 0% used [0x00000000d6980000,0x00000000d6980000,0x00000000d6a00000)
 ParOldGen       total 68608K, used 59772K [0x0000000080000000, 0x0000000084300000, 0x00000000d5580000)
  object space 68608K, 87% used [0x0000000080000000,0x0000000083a5f1d0,0x0000000084300000)
 Metaspace       used 52168K, committed 53504K, reserved 1114112K
  class space    used 5609K, committed 6208K, reserved 1048576K
}
Event: 15.320 GC heap before
{Heap before GC invocations=44 (full 2):
 PSYoungGen      total 19968K, used 19376K [0x00000000d5580000, 0x00000000d6a00000, 0x0000000100000000)
  eden space 18944K, 100% used [0x00000000d5580000,0x00000000d6800000,0x00000000d6800000)
  from space 1024K, 42% used [0x00000000d6800000,0x00000000d686c2d8,0x00000000d6900000)
  to   space 512K, 0% used [0x00000000d6980000,0x00000000d6980000,0x00000000d6a00000)
 ParOldGen       total 68608K, used 59772K [0x0000000080000000, 0x0000000084300000, 0x00000000d5580000)
  object space 68608K, 87% used [0x0000000080000000,0x0000000083a5f1d0,0x0000000084300000)
 Metaspace       used 52177K, committed 53568K, reserved 1114112K
  class space    used 5609K, committed 6208K, reserved 1048576K
}
Event: 15.323 GC heap after
{Heap after GC invocations=44 (full 2):
 PSYoungGen      total 19456K, used 424K [0x00000000d5580000, 0x00000000d6a00000, 0x0000000100000000)
  eden space 18944K, 0% used [0x00000000d5580000,0x00000000d5580000,0x00000000d6800000)
  from space 512K, 82% used [0x00000000d6980000,0x00000000d69ea388,0x00000000d6a00000)
  to   space 512K, 0% used [0x00000000d6900000,0x00000000d6900000,0x00000000d6980000)
 ParOldGen       total 68608K, used 59828K [0x0000000080000000, 0x0000000084300000, 0x00000000d5580000)
  object space 68608K, 87% used [0x0000000080000000,0x0000000083a6d1d0,0x0000000084300000)
 Metaspace       used 52177K, committed 53568K, reserved 1114112K
  class space    used 5609K, committed 6208K, reserved 1048576K
}
Event: 15.449 GC heap before
{Heap before GC invocations=45 (full 2):
 PSYoungGen      total 19456K, used 19368K [0x00000000d5580000, 0x00000000d6a00000, 0x0000000100000000)
  eden space 18944K, 100% used [0x00000000d5580000,0x00000000d6800000,0x00000000d6800000)
  from space 512K, 82% used [0x00000000d6980000,0x00000000d69ea388,0x00000000d6a00000)
  to   space 512K, 0% used [0x00000000d6900000,0x00000000d6900000,0x00000000d6980000)
 ParOldGen       total 68608K, used 59828K [0x0000000080000000, 0x0000000084300000, 0x00000000d5580000)
  object space 68608K, 87% used [0x0000000080000000,0x0000000083a6d1d0,0x0000000084300000)
 Metaspace       used 52180K, committed 53568K, reserved 1114112K
  class space    used 5609K, committed 6208K, reserved 1048576K
}
Event: 15.451 GC heap after
{Heap after GC invocations=45 (full 2):
 PSYoungGen      total 19456K, used 434K [0x00000000d5580000, 0x00000000d6a00000, 0x0000000100000000)
  eden space 18944K, 0% used [0x00000000d5580000,0x00000000d5580000,0x00000000d6800000)
  from space 512K, 84% used [0x00000000d6900000,0x00000000d696c940,0x00000000d6980000)
  to   space 512K, 0% used [0x00000000d6980000,0x00000000d6980000,0x00000000d6a00000)
 ParOldGen       total 68608K, used 59900K [0x0000000080000000, 0x0000000084300000, 0x00000000d5580000)
  object space 68608K, 87% used [0x0000000080000000,0x0000000083a7f1d0,0x0000000084300000)
 Metaspace       used 52180K, committed 53568K, reserved 1114112K
  class space    used 5609K, committed 6208K, reserved 1048576K
}
Event: 15.598 GC heap before
{Heap before GC invocations=46 (full 2):
 PSYoungGen      total 19456K, used 19378K [0x00000000d5580000, 0x00000000d6a00000, 0x0000000100000000)
  eden space 18944K, 100% used [0x00000000d5580000,0x00000000d6800000,0x00000000d6800000)
  from space 512K, 84% used [0x00000000d6900000,0x00000000d696c940,0x00000000d6980000)
  to   space 512K, 0% used [0x00000000d6980000,0x00000000d6980000,0x00000000d6a00000)
 ParOldGen       total 68608K, used 59900K [0x0000000080000000, 0x0000000084300000, 0x00000000d5580000)
  object space 68608K, 87% used [0x0000000080000000,0x0000000083a7f1d0,0x0000000084300000)
 Metaspace       used 52201K, committed 53568K, reserved 1114112K
  class space    used 5612K, committed 6208K, reserved 1048576K
}
Event: 15.599 GC heap after
{Heap after GC invocations=46 (full 2):
 PSYoungGen      total 19456K, used 418K [0x00000000d5580000, 0x00000000d6a00000, 0x0000000100000000)
  eden space 18944K, 0% used [0x00000000d5580000,0x00000000d5580000,0x00000000d6800000)
  from space 512K, 81% used [0x00000000d6980000,0x00000000d69e8ac0,0x00000000d6a00000)
  to   space 512K, 0% used [0x00000000d6900000,0x00000000d6900000,0x00000000d6980000)
 ParOldGen       total 68608K, used 59956K [0x0000000080000000, 0x0000000084300000, 0x00000000d5580000)
  object space 68608K, 87% used [0x0000000080000000,0x0000000083a8d1d0,0x0000000084300000)
 Metaspace       used 52201K, committed 53568K, reserved 1114112K
  class space    used 5612K, committed 6208K, reserved 1048576K
}
Event: 15.825 GC heap before
{Heap before GC invocations=47 (full 2):
 PSYoungGen      total 19456K, used 18617K [0x00000000d5580000, 0x00000000d6a00000, 0x0000000100000000)
  eden space 18944K, 96% used [0x00000000d5580000,0x00000000d6745d20,0x00000000d6800000)
  from space 512K, 81% used [0x00000000d6980000,0x00000000d69e8ac0,0x00000000d6a00000)
  to   space 512K, 0% used [0x00000000d6900000,0x00000000d6900000,0x00000000d6980000)
 ParOldGen       total 68608K, used 59956K [0x0000000080000000, 0x0000000084300000, 0x00000000d5580000)
  object space 68608K, 87% used [0x0000000080000000,0x0000000083a8d1d0,0x0000000084300000)
 Metaspace       used 52297K, committed 53632K, reserved 1114112K
  class space    used 5624K, committed 6208K, reserved 1048576K
}
Event: 15.828 GC heap after
{Heap after GC invocations=47 (full 2):
 PSYoungGen      total 19456K, used 410K [0x00000000d5580000, 0x00000000d6a00000, 0x0000000100000000)
  eden space 18944K, 0% used [0x00000000d5580000,0x00000000d5580000,0x00000000d6800000)
  from space 512K, 80% used [0x00000000d6900000,0x00000000d6966900,0x00000000d6980000)
  to   space 512K, 0% used [0x00000000d6980000,0x00000000d6980000,0x00000000d6a00000)
 ParOldGen       total 68608K, used 60068K [0x0000000080000000, 0x0000000084300000, 0x00000000d5580000)
  object space 68608K, 87% used [0x0000000080000000,0x0000000083aa91d0,0x0000000084300000)
 Metaspace       used 52297K, committed 53632K, reserved 1114112K
  class space    used 5624K, committed 6208K, reserved 1048576K
}
Event: 16.061 GC heap before
{Heap before GC invocations=48 (full 2):
 PSYoungGen      total 19456K, used 19354K [0x00000000d5580000, 0x00000000d6a00000, 0x0000000100000000)
  eden space 18944K, 100% used [0x00000000d5580000,0x00000000d6800000,0x00000000d6800000)
  from space 512K, 80% used [0x00000000d6900000,0x00000000d6966900,0x00000000d6980000)
  to   space 512K, 0% used [0x00000000d6980000,0x00000000d6980000,0x00000000d6a00000)
 ParOldGen       total 68608K, used 60068K [0x0000000080000000, 0x0000000084300000, 0x00000000d5580000)
  object space 68608K, 87% used [0x0000000080000000,0x0000000083aa91d0,0x0000000084300000)
 Metaspace       used 52297K, committed 53632K, reserved 1114112K
  class space    used 5624K, committed 6208K, reserved 1048576K
}
Event: 16.063 GC heap after
{Heap after GC invocations=48 (full 2):
 PSYoungGen      total 18432K, used 487K [0x00000000d5580000, 0x00000000d6d00000, 0x0000000100000000)
  eden space 17920K, 0% used [0x00000000d5580000,0x00000000d5580000,0x00000000d6700000)
  from space 512K, 95% used [0x00000000d6980000,0x00000000d69f9c68,0x00000000d6a00000)
  to   space 2560K, 0% used [0x00000000d6700000,0x00000000d6700000,0x00000000d6980000)
 ParOldGen       total 68608K, used 61673K [0x0000000080000000, 0x0000000084300000, 0x00000000d5580000)
  object space 68608K, 89% used [0x0000000080000000,0x0000000083c3a4d8,0x0000000084300000)
 Metaspace       used 52297K, committed 53632K, reserved 1114112K
  class space    used 5624K, committed 6208K, reserved 1048576K
}
Event: 16.176 GC heap before
{Heap before GC invocations=49 (full 2):
 PSYoungGen      total 18432K, used 18407K [0x00000000d5580000, 0x00000000d6d00000, 0x0000000100000000)
  eden space 17920K, 100% used [0x00000000d5580000,0x00000000d6700000,0x00000000d6700000)
  from space 512K, 95% used [0x00000000d6980000,0x00000000d69f9c68,0x00000000d6a00000)
  to   space 2560K, 0% used [0x00000000d6700000,0x00000000d6700000,0x00000000d6980000)
 ParOldGen       total 68608K, used 61673K [0x0000000080000000, 0x0000000084300000, 0x00000000d5580000)
  object space 68608K, 89% used [0x0000000080000000,0x0000000083c3a4d8,0x0000000084300000)
 Metaspace       used 52299K, committed 53632K, reserved 1114112K
  class space    used 5624K, committed 6208K, reserved 1048576K
}
Event: 16.177 GC heap after
{Heap after GC invocations=49 (full 2):
 PSYoungGen      total 18944K, used 612K [0x00000000d5580000, 0x00000000d6a00000, 0x0000000100000000)
  eden space 17920K, 0% used [0x00000000d5580000,0x00000000d5580000,0x00000000d6700000)
  from space 1024K, 59% used [0x00000000d6700000,0x00000000d67991f8,0x00000000d6800000)
  to   space 1536K, 0% used [0x00000000d6880000,0x00000000d6880000,0x00000000d6a00000)
 ParOldGen       total 68608K, used 62097K [0x0000000080000000, 0x0000000084300000, 0x00000000d5580000)
  object space 68608K, 90% used [0x0000000080000000,0x0000000083ca44e8,0x0000000084300000)
 Metaspace       used 52299K, committed 53632K, reserved 1114112K
  class space    used 5624K, committed 6208K, reserved 1048576K
}
Event: 16.857 GC heap before
{Heap before GC invocations=50 (full 2):
 PSYoungGen      total 18944K, used 18532K [0x00000000d5580000, 0x00000000d6a00000, 0x0000000100000000)
  eden space 17920K, 100% used [0x00000000d5580000,0x00000000d6700000,0x00000000d6700000)
  from space 1024K, 59% used [0x00000000d6700000,0x00000000d67991f8,0x00000000d6800000)
  to   space 1536K, 0% used [0x00000000d6880000,0x00000000d6880000,0x00000000d6a00000)
 ParOldGen       total 68608K, used 62097K [0x0000000080000000, 0x0000000084300000, 0x00000000d5580000)
  object space 68608K, 90% used [0x0000000080000000,0x0000000083ca44e8,0x0000000084300000)
 Metaspace       used 52342K, committed 53696K, reserved 1114112K
  class space    used 5624K, committed 6208K, reserved 1048576K
}
Event: 16.859 GC heap after
{Heap after GC invocations=50 (full 2):
 PSYoungGen      total 18432K, used 448K [0x00000000d5580000, 0x00000000d6900000, 0x0000000100000000)
  eden space 17920K, 0% used [0x00000000d5580000,0x00000000d5580000,0x00000000d6700000)
  from space 512K, 87% used [0x00000000d6880000,0x00000000d68f0000,0x00000000d6900000)
  to   space 1024K, 0% used [0x00000000d6700000,0x00000000d6700000,0x00000000d6800000)
 ParOldGen       total 68608K, used 62425K [0x0000000080000000, 0x0000000084300000, 0x00000000d5580000)
  object space 68608K, 90% used [0x0000000080000000,0x0000000083cf64e8,0x0000000084300000)
 Metaspace       used 52342K, committed 53696K, reserved 1114112K
  class space    used 5624K, committed 6208K, reserved 1048576K
}
Event: 17.545 GC heap before
{Heap before GC invocations=51 (full 2):
 PSYoungGen      total 18432K, used 18368K [0x00000000d5580000, 0x00000000d6900000, 0x0000000100000000)
  eden space 17920K, 100% used [0x00000000d5580000,0x00000000d6700000,0x00000000d6700000)
  from space 512K, 87% used [0x00000000d6880000,0x00000000d68f0000,0x00000000d6900000)
  to   space 1024K, 0% used [0x00000000d6700000,0x00000000d6700000,0x00000000d6800000)
 ParOldGen       total 68608K, used 62425K [0x0000000080000000, 0x0000000084300000, 0x00000000d5580000)
  object space 68608K, 90% used [0x0000000080000000,0x0000000083cf64e8,0x0000000084300000)
 Metaspace       used 52415K, committed 53760K, reserved 1114112K
  class space    used 5624K, committed 6208K, reserved 1048576K
}
Event: 17.547 GC heap after
{Heap after GC invocations=51 (full 2):
 PSYoungGen      total 18944K, used 452K [0x00000000d5580000, 0x00000000d6900000, 0x0000000100000000)
  eden space 17920K, 0% used [0x00000000d5580000,0x00000000d5580000,0x00000000d6700000)
  from space 1024K, 44% used [0x00000000d6700000,0x00000000d67711f8,0x00000000d6800000)
  to   space 512K, 0% used [0x00000000d6880000,0x00000000d6880000,0x00000000d6900000)
 ParOldGen       total 68608K, used 62689K [0x0000000080000000, 0x0000000084300000, 0x00000000d5580000)
  object space 68608K, 91% used [0x0000000080000000,0x0000000083d384e8,0x0000000084300000)
 Metaspace       used 52415K, committed 53760K, reserved 1114112K
  class space    used 5624K, committed 6208K, reserved 1048576K
}

