# JRE version: OpenJDK Runtime Environment Temurin-21.0.8+9 (21.0.8+9) (build 21.0.8+9-LTS)
# Java VM: OpenJDK 64-Bit Server VM Temurin-21.0.8+9 (21.0.8+9-LTS, mixed mode, sharing, tiered, compressed oops, compressed class ptrs, parallel gc, windows-amd64)
GC Precious Log:
 CardTable entry size: 512
 CPUs: 8 total, 8 available
 Memory: 8078M
 Large Page Support: Disabled
 NUMA Support: Disabled
 Compressed Oops: Enabled (32-bit)
 Alignments: Space 512K, Generation 512K, Heap 2M
 Heap Min Capacity: 100M
 Heap Initial Capacity: 100M
 Heap Max Capacity: 2G
 Pre-touch: Disabled
 Parallel Workers: 8
Heap:
 PSYoungGen      total 11264K, used 10151K [0x00000000d5580000, 0x00000000d6180000, 0x0000000100000000)
  eden space 10752K, 90% used [0x00000000d5580000,0x00000000d5f04d98,0x00000000d6000000)
  from space 512K, 78% used [0x00000000d6080000,0x00000000d60e50e0,0x00000000d6100000)
  to   space 512K, 0% used [0x00000000d6100000,0x00000000d6100000,0x00000000d6180000)
 ParOldGen       total 68608K, used 63203K [0x0000000080000000, 0x0000000084300000, 0x00000000d5580000)
  object space 68608K, 92% used [0x0000000080000000,0x0000000083db8e98,0x0000000084300000)
 Metaspace       used 52204K, committed 53568K, reserved 1114112K
  class space    used 5607K, committed 6208K, reserved 1048576K
GC Heap History (20 events):
Event: 15.022 GC heap before
{Heap before GC invocations=47 (full 2):
 PSYoungGen      total 11776K, used 11648K [0x00000000d5580000, 0x00000000d6280000, 0x0000000100000000)
  eden space 11264K, 100% used [0x00000000d5580000,0x00000000d6080000,0x00000000d6080000)
  from space 512K, 75% used [0x00000000d6200000,0x00000000d6260000,0x00000000d6280000)
  to   space 1024K, 0% used [0x00000000d6080000,0x00000000d6080000,0x00000000d6180000)
 ParOldGen       total 68608K, used 57804K [0x0000000080000000, 0x0000000084300000, 0x00000000d5580000)
  object space 68608K, 84% used [0x0000000080000000,0x0000000083873228,0x0000000084300000)
 Metaspace       used 51973K, committed 53248K, reserved 1114112K
  class space    used 5582K, committed 6144K, reserved 1048576K
}
Event: 15.023 GC heap after
{Heap after GC invocations=47 (full 2):
 PSYoungGen      total 12288K, used 530K [0x00000000d5580000, 0x00000000d6280000, 0x0000000100000000)
  eden space 11264K, 0% used [0x00000000d5580000,0x00000000d5580000,0x00000000d6080000)
  from space 1024K, 51% used [0x00000000d6080000,0x00000000d6104948,0x00000000d6180000)
  to   space 1024K, 0% used [0x00000000d6180000,0x00000000d6180000,0x00000000d6280000)
 ParOldGen       total 68608K, used 57964K [0x0000000080000000, 0x0000000084300000, 0x00000000d5580000)
  object space 68608K, 84% used [0x0000000080000000,0x000000008389b228,0x0000000084300000)
 Metaspace       used 51973K, committed 53248K, reserved 1114112K
  class space    used 5582K, committed 6144K, reserved 1048576K
}
Event: 15.087 GC heap before
{Heap before GC invocations=48 (full 2):
 PSYoungGen      total 12288K, used 11794K [0x00000000d5580000, 0x00000000d6280000, 0x0000000100000000)
  eden space 11264K, 100% used [0x00000000d5580000,0x00000000d6080000,0x00000000d6080000)
  from space 1024K, 51% used [0x00000000d6080000,0x00000000d6104948,0x00000000d6180000)
  to   space 1024K, 0% used [0x00000000d6180000,0x00000000d6180000,0x00000000d6280000)
 ParOldGen       total 68608K, used 57964K [0x0000000080000000, 0x0000000084300000, 0x00000000d5580000)
  object space 68608K, 84% used [0x0000000080000000,0x000000008389b228,0x0000000084300000)
 Metaspace       used 52065K, committed 53376K, reserved 1114112K
  class space    used 5597K, committed 6208K, reserved 1048576K
}
Event: 15.088 GC heap after
{Heap after GC invocations=48 (full 2):
 PSYoungGen      total 11776K, used 324K [0x00000000d5580000, 0x00000000d6200000, 0x0000000100000000)
  eden space 11264K, 0% used [0x00000000d5580000,0x00000000d5580000,0x00000000d6080000)
  from space 512K, 63% used [0x00000000d6180000,0x00000000d61d1090,0x00000000d6200000)
  to   space 512K, 0% used [0x00000000d6100000,0x00000000d6100000,0x00000000d6180000)
 ParOldGen       total 68608K, used 58268K [0x0000000080000000, 0x0000000084300000, 0x00000000d5580000)
  object space 68608K, 84% used [0x0000000080000000,0x00000000838e7248,0x0000000084300000)
 Metaspace       used 52065K, committed 53376K, reserved 1114112K
  class space    used 5597K, committed 6208K, reserved 1048576K
}
Event: 15.129 GC heap before
{Heap before GC invocations=49 (full 2):
 PSYoungGen      total 11776K, used 11588K [0x00000000d5580000, 0x00000000d6200000, 0x0000000100000000)
  eden space 11264K, 100% used [0x00000000d5580000,0x00000000d6080000,0x00000000d6080000)
  from space 512K, 63% used [0x00000000d6180000,0x00000000d61d1090,0x00000000d6200000)
  to   space 512K, 0% used [0x00000000d6100000,0x00000000d6100000,0x00000000d6180000)
 ParOldGen       total 68608K, used 58268K [0x0000000080000000, 0x0000000084300000, 0x00000000d5580000)
  object space 68608K, 84% used [0x0000000080000000,0x00000000838e7248,0x0000000084300000)
 Metaspace       used 52070K, committed 53376K, reserved 1114112K
  class space    used 5597K, committed 6208K, reserved 1048576K
}
Event: 15.131 GC heap after
{Heap after GC invocations=49 (full 2):
 PSYoungGen      total 11776K, used 374K [0x00000000d5580000, 0x00000000d6200000, 0x0000000100000000)
  eden space 11264K, 0% used [0x00000000d5580000,0x00000000d5580000,0x00000000d6080000)
  from space 512K, 73% used [0x00000000d6100000,0x00000000d615d8b0,0x00000000d6180000)
  to   space 512K, 0% used [0x00000000d6180000,0x00000000d6180000,0x00000000d6200000)
 ParOldGen       total 68608K, used 59105K [0x0000000080000000, 0x0000000084300000, 0x00000000d5580000)
  object space 68608K, 86% used [0x0000000080000000,0x00000000839b86a8,0x0000000084300000)
 Metaspace       used 52070K, committed 53376K, reserved 1114112K
  class space    used 5597K, committed 6208K, reserved 1048576K
}
Event: 15.161 GC heap before
{Heap before GC invocations=50 (full 2):
 PSYoungGen      total 11776K, used 11638K [0x00000000d5580000, 0x00000000d6200000, 0x0000000100000000)
  eden space 11264K, 100% used [0x00000000d5580000,0x00000000d6080000,0x00000000d6080000)
  from space 512K, 73% used [0x00000000d6100000,0x00000000d615d8b0,0x00000000d6180000)
  to   space 512K, 0% used [0x00000000d6180000,0x00000000d6180000,0x00000000d6200000)
 ParOldGen       total 68608K, used 59105K [0x0000000080000000, 0x0000000084300000, 0x00000000d5580000)
  object space 68608K, 86% used [0x0000000080000000,0x00000000839b86a8,0x0000000084300000)
 Metaspace       used 52075K, committed 53440K, reserved 1114112K
  class space    used 5597K, committed 6208K, reserved 1048576K
}
Event: 15.163 GC heap after
{Heap after GC invocations=50 (full 2):
 PSYoungGen      total 11776K, used 288K [0x00000000d5580000, 0x00000000d6200000, 0x0000000100000000)
  eden space 11264K, 0% used [0x00000000d5580000,0x00000000d5580000,0x00000000d6080000)
  from space 512K, 56% used [0x00000000d6180000,0x00000000d61c8000,0x00000000d6200000)
  to   space 512K, 0% used [0x00000000d6100000,0x00000000d6100000,0x00000000d6180000)
 ParOldGen       total 68608K, used 59406K [0x0000000080000000, 0x0000000084300000, 0x00000000d5580000)
  object space 68608K, 86% used [0x0000000080000000,0x0000000083a038e0,0x0000000084300000)
 Metaspace       used 52075K, committed 53440K, reserved 1114112K
  class space    used 5597K, committed 6208K, reserved 1048576K
}
Event: 15.197 GC heap before
{Heap before GC invocations=51 (full 2):
 PSYoungGen      total 11776K, used 11552K [0x00000000d5580000, 0x00000000d6200000, 0x0000000100000000)
  eden space 11264K, 100% used [0x00000000d5580000,0x00000000d6080000,0x00000000d6080000)
  from space 512K, 56% used [0x00000000d6180000,0x00000000d61c8000,0x00000000d6200000)
  to   space 512K, 0% used [0x00000000d6100000,0x00000000d6100000,0x00000000d6180000)
 ParOldGen       total 68608K, used 59406K [0x0000000080000000, 0x0000000084300000, 0x00000000d5580000)
  object space 68608K, 86% used [0x0000000080000000,0x0000000083a038e0,0x0000000084300000)
 Metaspace       used 52076K, committed 53440K, reserved 1114112K
  class space    used 5597K, committed 6208K, reserved 1048576K
}
Event: 15.198 GC heap after
{Heap after GC invocations=51 (full 2):
 PSYoungGen      total 11776K, used 288K [0x00000000d5580000, 0x00000000d6200000, 0x0000000100000000)
  eden space 11264K, 0% used [0x00000000d5580000,0x00000000d5580000,0x00000000d6080000)
  from space 512K, 56% used [0x00000000d6100000,0x00000000d6148000,0x00000000d6180000)
  to   space 512K, 0% used [0x00000000d6180000,0x00000000d6180000,0x00000000d6200000)
 ParOldGen       total 68608K, used 59638K [0x0000000080000000, 0x0000000084300000, 0x00000000d5580000)
  object space 68608K, 86% used [0x0000000080000000,0x0000000083a3d8e0,0x0000000084300000)
 Metaspace       used 52076K, committed 53440K, reserved 1114112K
  class space    used 5597K, committed 6208K, reserved 1048576K
}
Event: 15.249 GC heap before
{Heap before GC invocations=52 (full 2):
 PSYoungGen      total 11776K, used 11552K [0x00000000d5580000, 0x00000000d6200000, 0x0000000100000000)
  eden space 11264K, 100% used [0x00000000d5580000,0x00000000d6080000,0x00000000d6080000)
  from space 512K, 56% used [0x00000000d6100000,0x00000000d6148000,0x00000000d6180000)
  to   space 512K, 0% used [0x00000000d6180000,0x00000000d6180000,0x00000000d6200000)
 ParOldGen       total 68608K, used 59638K [0x0000000080000000, 0x0000000084300000, 0x00000000d5580000)
  object space 68608K, 86% used [0x0000000080000000,0x0000000083a3d8e0,0x0000000084300000)
 Metaspace       used 52087K, committed 53440K, reserved 1114112K
  class space    used 5597K, committed 6208K, reserved 1048576K
}
Event: 16.258 GC heap after
{Heap after GC invocations=52 (full 2):
 PSYoungGen      total 11264K, used 512K [0x00000000d5580000, 0x00000000d6380000, 0x0000000100000000)
  eden space 10752K, 0% used [0x00000000d5580000,0x00000000d5580000,0x00000000d6000000)
  from space 512K, 100% used [0x00000000d6180000,0x00000000d6200000,0x00000000d6200000)
  to   space 1536K, 0% used [0x00000000d6000000,0x00000000d6000000,0x00000000d6180000)
 ParOldGen       total 68608K, used 60302K [0x0000000080000000, 0x0000000084300000, 0x00000000d5580000)
  object space 68608K, 87% used [0x0000000080000000,0x0000000083ae38e0,0x0000000084300000)
 Metaspace       used 52087K, committed 53440K, reserved 1114112K
  class space    used 5597K, committed 6208K, reserved 1048576K
}
Event: 16.300 GC heap before
{Heap before GC invocations=53 (full 2):
 PSYoungGen      total 11264K, used 11264K [0x00000000d5580000, 0x00000000d6380000, 0x0000000100000000)
  eden space 10752K, 100% used [0x00000000d5580000,0x00000000d6000000,0x00000000d6000000)
  from space 512K, 100% used [0x00000000d6180000,0x00000000d6200000,0x00000000d6200000)
  to   space 1536K, 0% used [0x00000000d6000000,0x00000000d6000000,0x00000000d6180000)
 ParOldGen       total 68608K, used 60302K [0x0000000080000000, 0x0000000084300000, 0x00000000d5580000)
  object space 68608K, 87% used [0x0000000080000000,0x0000000083ae38e0,0x0000000084300000)
 Metaspace       used 52109K, committed 53440K, reserved 1114112K
  class space    used 5597K, committed 6208K, reserved 1048576K
}
Event: 16.303 GC heap after
{Heap after GC invocations=53 (full 2):
 PSYoungGen      total 12288K, used 1391K [0x00000000d5580000, 0x00000000d6300000, 0x0000000100000000)
  eden space 10752K, 0% used [0x00000000d5580000,0x00000000d5580000,0x00000000d6000000)
  from space 1536K, 90% used [0x00000000d6000000,0x00000000d615bd70,0x00000000d6180000)
  to   space 1536K, 0% used [0x00000000d6180000,0x00000000d6180000,0x00000000d6300000)
 ParOldGen       total 68608K, used 60816K [0x0000000080000000, 0x0000000084300000, 0x00000000d5580000)
  object space 68608K, 88% used [0x0000000080000000,0x0000000083b641a0,0x0000000084300000)
 Metaspace       used 52109K, committed 53440K, reserved 1114112K
  class space    used 5597K, committed 6208K, reserved 1048576K
}
Event: 16.331 GC heap before
{Heap before GC invocations=54 (full 2):
 PSYoungGen      total 12288K, used 12143K [0x00000000d5580000, 0x00000000d6300000, 0x0000000100000000)
  eden space 10752K, 100% used [0x00000000d5580000,0x00000000d6000000,0x00000000d6000000)
  from space 1536K, 90% used [0x00000000d6000000,0x00000000d615bd70,0x00000000d6180000)
  to   space 1536K, 0% used [0x00000000d6180000,0x00000000d6180000,0x00000000d6300000)
 ParOldGen       total 68608K, used 60816K [0x0000000080000000, 0x0000000084300000, 0x00000000d5580000)
  object space 68608K, 88% used [0x0000000080000000,0x0000000083b641a0,0x0000000084300000)
 Metaspace       used 52111K, committed 53440K, reserved 1114112K
  class space    used 5597K, committed 6208K, reserved 1048576K
}
Event: 16.333 GC heap after
{Heap after GC invocations=54 (full 2):
 PSYoungGen      total 11776K, used 672K [0x00000000d5580000, 0x00000000d6280000, 0x0000000100000000)
  eden space 10752K, 0% used [0x00000000d5580000,0x00000000d5580000,0x00000000d6000000)
  from space 1024K, 65% used [0x00000000d6180000,0x00000000d6228000,0x00000000d6280000)
  to   space 1024K, 0% used [0x00000000d6080000,0x00000000d6080000,0x00000000d6180000)
 ParOldGen       total 68608K, used 62091K [0x0000000080000000, 0x0000000084300000, 0x00000000d5580000)
  object space 68608K, 90% used [0x0000000080000000,0x0000000083ca2e88,0x0000000084300000)
 Metaspace       used 52111K, committed 53440K, reserved 1114112K
  class space    used 5597K, committed 6208K, reserved 1048576K
}
Event: 16.350 GC heap before
{Heap before GC invocations=55 (full 2):
 PSYoungGen      total 11776K, used 11424K [0x00000000d5580000, 0x00000000d6280000, 0x0000000100000000)
  eden space 10752K, 100% used [0x00000000d5580000,0x00000000d6000000,0x00000000d6000000)
  from space 1024K, 65% used [0x00000000d6180000,0x00000000d6228000,0x00000000d6280000)
  to   space 1024K, 0% used [0x00000000d6080000,0x00000000d6080000,0x00000000d6180000)
 ParOldGen       total 68608K, used 62091K [0x0000000080000000, 0x0000000084300000, 0x00000000d5580000)
  object space 68608K, 90% used [0x0000000080000000,0x0000000083ca2e88,0x0000000084300000)
 Metaspace       used 52111K, committed 53440K, reserved 1114112K
  class space    used 5597K, committed 6208K, reserved 1048576K
}
Event: 16.351 GC heap after
{Heap after GC invocations=55 (full 2):
 PSYoungGen      total 11264K, used 352K [0x00000000d5580000, 0x00000000d6200000, 0x0000000100000000)
  eden space 10752K, 0% used [0x00000000d5580000,0x00000000d5580000,0x00000000d6000000)
  from space 512K, 68% used [0x00000000d6080000,0x00000000d60d8000,0x00000000d6100000)
  to   space 1024K, 0% used [0x00000000d6100000,0x00000000d6100000,0x00000000d6200000)
 ParOldGen       total 68608K, used 62691K [0x0000000080000000, 0x0000000084300000, 0x00000000d5580000)
  object space 68608K, 91% used [0x0000000080000000,0x0000000083d38e98,0x0000000084300000)
 Metaspace       used 52111K, committed 53440K, reserved 1114112K
  class space    used 5597K, committed 6208K, reserved 1048576K
}
Event: 16.383 GC heap before
{Heap before GC invocations=56 (full 2):
 PSYoungGen      total 11264K, used 11093K [0x00000000d5580000, 0x00000000d6200000, 0x0000000100000000)
  eden space 10752K, 99% used [0x00000000d5580000,0x00000000d5ffd4a0,0x00000000d6000000)
  from space 512K, 68% used [0x00000000d6080000,0x00000000d60d8000,0x00000000d6100000)
  to   space 1024K, 0% used [0x00000000d6100000,0x00000000d6100000,0x00000000d6200000)
 ParOldGen       total 68608K, used 62691K [0x0000000080000000, 0x0000000084300000, 0x00000000d5580000)
  object space 68608K, 91% used [0x0000000080000000,0x0000000083d38e98,0x0000000084300000)
 Metaspace       used 52139K, committed 53440K, reserved 1114112K
  class space    used 5598K, committed 6208K, reserved 1048576K
}
Event: 16.385 GC heap after
{Heap after GC invocations=56 (full 2):
 PSYoungGen      total 11264K, used 416K [0x00000000d5580000, 0x00000000d6180000, 0x0000000100000000)
  eden space 10752K, 0% used [0x00000000d5580000,0x00000000d5580000,0x00000000d6000000)
  from space 512K, 81% used [0x00000000d6100000,0x00000000d6168000,0x00000000d6180000)
  to   space 512K, 0% used [0x00000000d6080000,0x00000000d6080000,0x00000000d6100000)
 ParOldGen       total 68608K, used 62931K [0x0000000080000000, 0x0000000084300000, 0x00000000d5580000)
  object space 68608K, 91% used [0x0000000080000000,0x0000000083d74e98,0x0000000084300000)
 Metaspace       used 52139K, committed 53440K, reserved 1114112K
  class space    used 5598K, committed 6208K, reserved 1048576K
}

