# JRE version: OpenJDK Runtime Environment Temurin-21.0.8+9 (21.0.8+9) (build 21.0.8+9-LTS)
# Java VM: OpenJDK 64-Bit Server VM Temurin-21.0.8+9 (21.0.8+9-LTS, mixed mode, sharing, tiered, compressed oops, compressed class ptrs, parallel gc, windows-amd64)
GC Precious Log:
 CardTable entry size: 512
 CPUs: 8 total, 8 available
 Memory: 8078M
 Large Page Support: Disabled
 NUMA Support: Disabled
 Compressed Oops: Enabled (32-bit)
 Alignments: Space 512K, Generation 512K, Heap 2M
 Heap Min Capacity: 100M
 Heap Initial Capacity: 100M
 Heap Max Capacity: 2G
 Pre-touch: Disabled
 Parallel Workers: 8
Heap:
 PSYoungGen      total 16384K, used 13789K [0x00000000d5580000, 0x00000000d6b00000, 0x0000000100000000)
  eden space 15872K, 83% used [0x00000000d5580000,0x00000000d627de40,0x00000000d6500000)
  from space 512K, 94% used [0x00000000d6780000,0x00000000d67f9850,0x00000000d6800000)
  to   space 2560K, 0% used [0x00000000d6500000,0x00000000d6500000,0x00000000d6780000)
 ParOldGen       total 68608K, used 49692K [0x0000000080000000, 0x0000000084300000, 0x00000000d5580000)
  object space 68608K, 72% used [0x0000000080000000,0x00000000830873a0,0x0000000084300000)
 Metaspace       used 59442K, committed 60800K, reserved 1114112K
  class space    used 6456K, committed 6976K, reserved 1048576K
GC Heap History (20 events):
Event: 49.258 GC heap before
{Heap before GC invocations=50 (full 3):
 PSYoungGen      total 17920K, used 17875K [0x00000000d5580000, 0x00000000d6900000, 0x0000000100000000)
  eden space 17408K, 100% used [0x00000000d5580000,0x00000000d6680000,0x00000000d6680000)
  from space 512K, 91% used [0x00000000d6880000,0x00000000d68f4e88,0x00000000d6900000)
  to   space 512K, 0% used [0x00000000d6800000,0x00000000d6800000,0x00000000d6880000)
 ParOldGen       total 68608K, used 44985K [0x0000000080000000, 0x0000000084300000, 0x00000000d5580000)
  object space 68608K, 65% used [0x0000000080000000,0x0000000082bee438,0x0000000084300000)
 Metaspace       used 58510K, committed 59904K, reserved 1114112K
  class space    used 6362K, committed 6912K, reserved 1048576K
}
Event: 49.259 GC heap after
{Heap after GC invocations=50 (full 3):
 PSYoungGen      total 17920K, used 496K [0x00000000d5580000, 0x00000000d6900000, 0x0000000100000000)
  eden space 17408K, 0% used [0x00000000d5580000,0x00000000d5580000,0x00000000d6680000)
  from space 512K, 97% used [0x00000000d6800000,0x00000000d687c2d8,0x00000000d6880000)
  to   space 512K, 0% used [0x00000000d6880000,0x00000000d6880000,0x00000000d6900000)
 ParOldGen       total 68608K, used 45065K [0x0000000080000000, 0x0000000084300000, 0x00000000d5580000)
  object space 68608K, 65% used [0x0000000080000000,0x0000000082c02438,0x0000000084300000)
 Metaspace       used 58510K, committed 59904K, reserved 1114112K
  class space    used 6362K, committed 6912K, reserved 1048576K
}
Event: 49.291 GC heap before
{Heap before GC invocations=51 (full 3):
 PSYoungGen      total 17920K, used 17904K [0x00000000d5580000, 0x00000000d6900000, 0x0000000100000000)
  eden space 17408K, 100% used [0x00000000d5580000,0x00000000d6680000,0x00000000d6680000)
  from space 512K, 97% used [0x00000000d6800000,0x00000000d687c2d8,0x00000000d6880000)
  to   space 512K, 0% used [0x00000000d6880000,0x00000000d6880000,0x00000000d6900000)
 ParOldGen       total 68608K, used 45065K [0x0000000080000000, 0x0000000084300000, 0x00000000d5580000)
  object space 68608K, 65% used [0x0000000080000000,0x0000000082c02438,0x0000000084300000)
 Metaspace       used 58516K, committed 59904K, reserved 1114112K
  class space    used 6362K, committed 6912K, reserved 1048576K
}
Event: 49.292 GC heap after
{Heap after GC invocations=51 (full 3):
 PSYoungGen      total 17920K, used 392K [0x00000000d5580000, 0x00000000d6900000, 0x0000000100000000)
  eden space 17408K, 0% used [0x00000000d5580000,0x00000000d5580000,0x00000000d6680000)
  from space 512K, 76% used [0x00000000d6880000,0x00000000d68e2388,0x00000000d6900000)
  to   space 512K, 0% used [0x00000000d6800000,0x00000000d6800000,0x00000000d6880000)
 ParOldGen       total 68608K, used 45129K [0x0000000080000000, 0x0000000084300000, 0x00000000d5580000)
  object space 68608K, 65% used [0x0000000080000000,0x0000000082c12438,0x0000000084300000)
 Metaspace       used 58516K, committed 59904K, reserved 1114112K
  class space    used 6362K, committed 6912K, reserved 1048576K
}
Event: 49.346 GC heap before
{Heap before GC invocations=52 (full 3):
 PSYoungGen      total 17920K, used 17800K [0x00000000d5580000, 0x00000000d6900000, 0x0000000100000000)
  eden space 17408K, 100% used [0x00000000d5580000,0x00000000d6680000,0x00000000d6680000)
  from space 512K, 76% used [0x00000000d6880000,0x00000000d68e2388,0x00000000d6900000)
  to   space 512K, 0% used [0x00000000d6800000,0x00000000d6800000,0x00000000d6880000)
 ParOldGen       total 68608K, used 45129K [0x0000000080000000, 0x0000000084300000, 0x00000000d5580000)
  object space 68608K, 65% used [0x0000000080000000,0x0000000082c12438,0x0000000084300000)
 Metaspace       used 58524K, committed 59904K, reserved 1114112K
  class space    used 6362K, committed 6912K, reserved 1048576K
}
Event: 49.347 GC heap after
{Heap after GC invocations=52 (full 3):
 PSYoungGen      total 17920K, used 320K [0x00000000d5580000, 0x00000000d6900000, 0x0000000100000000)
  eden space 17408K, 0% used [0x00000000d5580000,0x00000000d5580000,0x00000000d6680000)
  from space 512K, 62% used [0x00000000d6800000,0x00000000d6850000,0x00000000d6880000)
  to   space 512K, 0% used [0x00000000d6880000,0x00000000d6880000,0x00000000d6900000)
 ParOldGen       total 68608K, used 45201K [0x0000000080000000, 0x0000000084300000, 0x00000000d5580000)
  object space 68608K, 65% used [0x0000000080000000,0x0000000082c24438,0x0000000084300000)
 Metaspace       used 58524K, committed 59904K, reserved 1114112K
  class space    used 6362K, committed 6912K, reserved 1048576K
}
Event: 50.495 GC heap before
{Heap before GC invocations=53 (full 3):
 PSYoungGen      total 17920K, used 17728K [0x00000000d5580000, 0x00000000d6900000, 0x0000000100000000)
  eden space 17408K, 100% used [0x00000000d5580000,0x00000000d6680000,0x00000000d6680000)
  from space 512K, 62% used [0x00000000d6800000,0x00000000d6850000,0x00000000d6880000)
  to   space 512K, 0% used [0x00000000d6880000,0x00000000d6880000,0x00000000d6900000)
 ParOldGen       total 68608K, used 45201K [0x0000000080000000, 0x0000000084300000, 0x00000000d5580000)
  object space 68608K, 65% used [0x0000000080000000,0x0000000082c24438,0x0000000084300000)
 Metaspace       used 58547K, committed 59904K, reserved 1114112K
  class space    used 6364K, committed 6912K, reserved 1048576K
}
Event: 50.496 GC heap after
{Heap after GC invocations=53 (full 3):
 PSYoungGen      total 17920K, used 482K [0x00000000d5580000, 0x00000000d6900000, 0x0000000100000000)
  eden space 17408K, 0% used [0x00000000d5580000,0x00000000d5580000,0x00000000d6680000)
  from space 512K, 94% used [0x00000000d6880000,0x00000000d68f8ac0,0x00000000d6900000)
  to   space 1024K, 0% used [0x00000000d6700000,0x00000000d6700000,0x00000000d6800000)
 ParOldGen       total 68608K, used 45273K [0x0000000080000000, 0x0000000084300000, 0x00000000d5580000)
  object space 68608K, 65% used [0x0000000080000000,0x0000000082c36438,0x0000000084300000)
 Metaspace       used 58547K, committed 59904K, reserved 1114112K
  class space    used 6364K, committed 6912K, reserved 1048576K
}
Event: 50.572 GC heap before
{Heap before GC invocations=54 (full 3):
 PSYoungGen      total 17920K, used 17890K [0x00000000d5580000, 0x00000000d6900000, 0x0000000100000000)
  eden space 17408K, 100% used [0x00000000d5580000,0x00000000d6680000,0x00000000d6680000)
  from space 512K, 94% used [0x00000000d6880000,0x00000000d68f8ac0,0x00000000d6900000)
  to   space 1024K, 0% used [0x00000000d6700000,0x00000000d6700000,0x00000000d6800000)
 ParOldGen       total 68608K, used 45273K [0x0000000080000000, 0x0000000084300000, 0x00000000d5580000)
  object space 68608K, 65% used [0x0000000080000000,0x0000000082c36438,0x0000000084300000)
 Metaspace       used 58657K, committed 59968K, reserved 1114112K
  class space    used 6377K, committed 6912K, reserved 1048576K
}
Event: 50.573 GC heap after
{Heap after GC invocations=54 (full 3):
 PSYoungGen      total 18432K, used 431K [0x00000000d5580000, 0x00000000d6900000, 0x0000000100000000)
  eden space 17408K, 0% used [0x00000000d5580000,0x00000000d5580000,0x00000000d6680000)
  from space 1024K, 42% used [0x00000000d6700000,0x00000000d676bc58,0x00000000d6800000)
  to   space 512K, 0% used [0x00000000d6880000,0x00000000d6880000,0x00000000d6900000)
 ParOldGen       total 68608K, used 45385K [0x0000000080000000, 0x0000000084300000, 0x00000000d5580000)
  object space 68608K, 66% used [0x0000000080000000,0x0000000082c52438,0x0000000084300000)
 Metaspace       used 58657K, committed 59968K, reserved 1114112K
  class space    used 6377K, committed 6912K, reserved 1048576K
}
Event: 50.609 GC heap before
{Heap before GC invocations=55 (full 3):
 PSYoungGen      total 18432K, used 17839K [0x00000000d5580000, 0x00000000d6900000, 0x0000000100000000)
  eden space 17408K, 100% used [0x00000000d5580000,0x00000000d6680000,0x00000000d6680000)
  from space 1024K, 42% used [0x00000000d6700000,0x00000000d676bc58,0x00000000d6800000)
  to   space 512K, 0% used [0x00000000d6880000,0x00000000d6880000,0x00000000d6900000)
 ParOldGen       total 68608K, used 45385K [0x0000000080000000, 0x0000000084300000, 0x00000000d5580000)
  object space 68608K, 66% used [0x0000000080000000,0x0000000082c52438,0x0000000084300000)
 Metaspace       used 58659K, committed 59968K, reserved 1114112K
  class space    used 6377K, committed 6912K, reserved 1048576K
}
Event: 50.610 GC heap after
{Heap after GC invocations=55 (full 3):
 PSYoungGen      total 17408K, used 487K [0x00000000d5580000, 0x00000000d6b80000, 0x0000000100000000)
  eden space 16896K, 0% used [0x00000000d5580000,0x00000000d5580000,0x00000000d6600000)
  from space 512K, 95% used [0x00000000d6880000,0x00000000d68f9c68,0x00000000d6900000)
  to   space 2560K, 0% used [0x00000000d6600000,0x00000000d6600000,0x00000000d6880000)
 ParOldGen       total 68608K, used 46757K [0x0000000080000000, 0x0000000084300000, 0x00000000d5580000)
  object space 68608K, 68% used [0x0000000080000000,0x0000000082da9740,0x0000000084300000)
 Metaspace       used 58659K, committed 59968K, reserved 1114112K
  class space    used 6377K, committed 6912K, reserved 1048576K
}
Event: 50.651 GC heap before
{Heap before GC invocations=56 (full 3):
 PSYoungGen      total 17408K, used 17383K [0x00000000d5580000, 0x00000000d6b80000, 0x0000000100000000)
  eden space 16896K, 100% used [0x00000000d5580000,0x00000000d6600000,0x00000000d6600000)
  from space 512K, 95% used [0x00000000d6880000,0x00000000d68f9c68,0x00000000d6900000)
  to   space 2560K, 0% used [0x00000000d6600000,0x00000000d6600000,0x00000000d6880000)
 ParOldGen       total 68608K, used 46757K [0x0000000080000000, 0x0000000084300000, 0x00000000d5580000)
  object space 68608K, 68% used [0x0000000080000000,0x0000000082da9740,0x0000000084300000)
 Metaspace       used 58670K, committed 60032K, reserved 1114112K
  class space    used 6377K, committed 6912K, reserved 1048576K
}
Event: 50.652 GC heap after
{Heap after GC invocations=56 (full 3):
 PSYoungGen      total 17920K, used 576K [0x00000000d5580000, 0x00000000d6900000, 0x0000000100000000)
  eden space 16896K, 0% used [0x00000000d5580000,0x00000000d5580000,0x00000000d6600000)
  from space 1024K, 56% used [0x00000000d6600000,0x00000000d6690000,0x00000000d6700000)
  to   space 1536K, 0% used [0x00000000d6780000,0x00000000d6780000,0x00000000d6900000)
 ParOldGen       total 68608K, used 47264K [0x0000000080000000, 0x0000000084300000, 0x00000000d5580000)
  object space 68608K, 68% used [0x0000000080000000,0x0000000082e28330,0x0000000084300000)
 Metaspace       used 58670K, committed 60032K, reserved 1114112K
  class space    used 6377K, committed 6912K, reserved 1048576K
}
Event: 50.741 GC heap before
{Heap before GC invocations=57 (full 3):
 PSYoungGen      total 17920K, used 17472K [0x00000000d5580000, 0x00000000d6900000, 0x0000000100000000)
  eden space 16896K, 100% used [0x00000000d5580000,0x00000000d6600000,0x00000000d6600000)
  from space 1024K, 56% used [0x00000000d6600000,0x00000000d6690000,0x00000000d6700000)
  to   space 1536K, 0% used [0x00000000d6780000,0x00000000d6780000,0x00000000d6900000)
 ParOldGen       total 68608K, used 47264K [0x0000000080000000, 0x0000000084300000, 0x00000000d5580000)
  object space 68608K, 68% used [0x0000000080000000,0x0000000082e28330,0x0000000084300000)
 Metaspace       used 58708K, committed 60032K, reserved 1114112K
  class space    used 6377K, committed 6912K, reserved 1048576K
}
Event: 50.742 GC heap after
{Heap after GC invocations=57 (full 3):
 PSYoungGen      total 17920K, used 594K [0x00000000d5580000, 0x00000000d6880000, 0x0000000100000000)
  eden space 16896K, 0% used [0x00000000d5580000,0x00000000d5580000,0x00000000d6600000)
  from space 1024K, 58% used [0x00000000d6780000,0x00000000d6814940,0x00000000d6880000)
  to   space 1024K, 0% used [0x00000000d6600000,0x00000000d6600000,0x00000000d6700000)
 ParOldGen       total 68608K, used 47720K [0x0000000080000000, 0x0000000084300000, 0x00000000d5580000)
  object space 68608K, 69% used [0x0000000080000000,0x0000000082e9a330,0x0000000084300000)
 Metaspace       used 58708K, committed 60032K, reserved 1114112K
  class space    used 6377K, committed 6912K, reserved 1048576K
}
Event: 50.886 GC heap before
{Heap before GC invocations=58 (full 3):
 PSYoungGen      total 17920K, used 17490K [0x00000000d5580000, 0x00000000d6880000, 0x0000000100000000)
  eden space 16896K, 100% used [0x00000000d5580000,0x00000000d6600000,0x00000000d6600000)
  from space 1024K, 58% used [0x00000000d6780000,0x00000000d6814940,0x00000000d6880000)
  to   space 1024K, 0% used [0x00000000d6600000,0x00000000d6600000,0x00000000d6700000)
 ParOldGen       total 68608K, used 47720K [0x0000000080000000, 0x0000000084300000, 0x00000000d5580000)
  object space 68608K, 69% used [0x0000000080000000,0x0000000082e9a330,0x0000000084300000)
 Metaspace       used 58762K, committed 60096K, reserved 1114112K
  class space    used 6377K, committed 6912K, reserved 1048576K
}
Event: 50.889 GC heap after
{Heap after GC invocations=58 (full 3):
 PSYoungGen      total 17920K, used 448K [0x00000000d5580000, 0x00000000d6800000, 0x0000000100000000)
  eden space 16896K, 0% used [0x00000000d5580000,0x00000000d5580000,0x00000000d6600000)
  from space 1024K, 43% used [0x00000000d6600000,0x00000000d6670000,0x00000000d6700000)
  to   space 512K, 0% used [0x00000000d6780000,0x00000000d6780000,0x00000000d6800000)
 ParOldGen       total 68608K, used 48080K [0x0000000080000000, 0x0000000084300000, 0x00000000d5580000)
  object space 68608K, 70% used [0x0000000080000000,0x0000000082ef4330,0x0000000084300000)
 Metaspace       used 58762K, committed 60096K, reserved 1114112K
  class space    used 6377K, committed 6912K, reserved 1048576K
}
Event: 51.216 GC heap before
{Heap before GC invocations=59 (full 3):
 PSYoungGen      total 17920K, used 17344K [0x00000000d5580000, 0x00000000d6800000, 0x0000000100000000)
  eden space 16896K, 100% used [0x00000000d5580000,0x00000000d6600000,0x00000000d6600000)
  from space 1024K, 43% used [0x00000000d6600000,0x00000000d6670000,0x00000000d6700000)
  to   space 512K, 0% used [0x00000000d6780000,0x00000000d6780000,0x00000000d6800000)
 ParOldGen       total 68608K, used 48080K [0x0000000080000000, 0x0000000084300000, 0x00000000d5580000)
  object space 68608K, 70% used [0x0000000080000000,0x0000000082ef4330,0x0000000084300000)
 Metaspace       used 58981K, committed 60352K, reserved 1114112K
  class space    used 6396K, committed 6912K, reserved 1048576K
}
Event: 51.219 GC heap after
{Heap after GC invocations=59 (full 3):
 PSYoungGen      total 16384K, used 486K [0x00000000d5580000, 0x00000000d6b00000, 0x0000000100000000)
  eden space 15872K, 0% used [0x00000000d5580000,0x00000000d5580000,0x00000000d6500000)
  from space 512K, 94% used [0x00000000d6780000,0x00000000d67f9850,0x00000000d6800000)
  to   space 2560K, 0% used [0x00000000d6500000,0x00000000d6500000,0x00000000d6780000)
 ParOldGen       total 68608K, used 49692K [0x0000000080000000, 0x0000000084300000, 0x00000000d5580000)
  object space 68608K, 72% used [0x0000000080000000,0x00000000830873a0,0x0000000084300000)
 Metaspace       used 58981K, committed 60352K, reserved 1114112K
  class space    used 6396K, committed 6912K, reserved 1048576K
}

